-------------------------------------------------------------------------------
Test set: com.driver.test.UNOTrackerServiceTest
-------------------------------------------------------------------------------
Tests run: 3, Failures: 1, Errors: 0, Skipped: 0, Time elapsed: 0.06 s <<< FAILURE! - in com.driver.test.UNOTrackerServiceTest
testIdentifyTopPlayer  Time elapsed: 0.039 s  <<< FAILURE!
org.opentest4j.AssertionFailedError: expected: <Player1> but was: <Player2>
	at com.driver.test.UNOTrackerServiceTest.testIdentifyTopPlayer(UNOTrackerServiceTest.java:48)

